{"uid":"ad20193e01f38455","name":"test_chat_flow","fullName":"tests.test_chat_flow.ChatFlowTestCase#test_chat_flow","historyId":"f9e956b7d975b879ade45fdfd0bf1183","time":{"start":1755585385110,"stop":1755585395897,"duration":10787},"status":"broken","statusMessage":"AttributeError: 'NoneType' object has no attribute 'is_displayed'","statusTrace":"self = <tests.test_chat_flow.ChatFlowTestCase testMethod=test_chat_flow>\n\n    def test_chat_flow(self):\n        driver = self.driver\n    \n        # Open model dropdown\n        model_selector = WebDriverWait(driver, 10).until(\n            EC.element_to_be_clickable((By.XPATH, \"//button[@role='combobox']\"))\n        )\n        model_selector.click()\n    \n>       model_option = WebDriverWait(driver, 10).until(\n        EC.element_to_be_clickable((By.XPATH, \"//*[contains(text(), 'gemma3')]\"))\n        )\n\ntests/test_chat_flow.py:36: \n_ _ _ _ _ _ _ _ _ _ _ _ _ _ _ _ _ _ _ _ _ _ _ _ _ _ _ _ _ _ _ _ _ _ _ _ _ _ _ _ _ _ _ _ _ _ _ _ _ _ _ _ _ _ _ _ _ _ _ _ _ _ _ _ _ _ _ _ _ _ _ _ _ _ _ _ _ _ _ _ _ _ \n../../.pyenv/versions/lamaVenv3126/lib/python3.12/site-packages/selenium/webdriver/support/wait.py:129: in until\n    value = method(self._driver)\n            ^^^^^^^^^^^^^^^^^^^^\n../../.pyenv/versions/lamaVenv3126/lib/python3.12/site-packages/selenium/webdriver/support/expected_conditions.py:625: in _predicate\n    element = visibility_of(target)(driver)\n              ^^^^^^^^^^^^^^^^^^^^^^^^^^^^^\n../../.pyenv/versions/lamaVenv3126/lib/python3.12/site-packages/selenium/webdriver/support/expected_conditions.py:252: in _predicate\n    return _element_if_visible(element)\n           ^^^^^^^^^^^^^^^^^^^^^^^^^^^^\n_ _ _ _ _ _ _ _ _ _ _ _ _ _ _ _ _ _ _ _ _ _ _ _ _ _ _ _ _ _ _ _ _ _ _ _ _ _ _ _ _ _ _ _ _ _ _ _ _ _ _ _ _ _ _ _ _ _ _ _ _ _ _ _ _ _ _ _ _ _ _ _ _ _ _ _ _ _ _ _ _ _ \n\nelement = None, visibility = True\n\n    def _element_if_visible(element: WebElement, visibility: bool = True) -> Union[Literal[False], WebElement]:\n        \"\"\"An expectation for checking that an element, known to be present on the\n        DOM of a page, is of the expected visibility.\n    \n        Parameters:\n        -----------\n        element : WebElement\n            The WebElement to check.\n        visibility : bool\n            The expected visibility of the element.\n    \n        Returns:\n        -------\n        WebElement : The WebElement once it is visible or not visible.\n        \"\"\"\n>       return element if element.is_displayed() == visibility else False\n                          ^^^^^^^^^^^^^^^^^^^^\nE       AttributeError: 'NoneType' object has no attribute 'is_displayed'\n\n../../.pyenv/versions/lamaVenv3126/lib/python3.12/site-packages/selenium/webdriver/support/expected_conditions.py:272: AttributeError","flaky":false,"newFailed":false,"newBroken":false,"newPassed":false,"retriesCount":3,"retriesStatusChange":true,"beforeStages":[{"name":"_unittest_setUpClass_fixture_ChatFlowTestCase","time":{"start":1755585385110,"stop":1755585385110,"duration":0},"status":"passed","steps":[],"attachments":[],"parameters":[],"stepsCount":0,"shouldDisplayMessage":false,"attachmentsCount":0,"hasContent":false,"attachmentStep":false}],"afterStages":[{"name":"_unittest_setUpClass_fixture_ChatFlowTestCase::0","time":{"start":1755585395955,"stop":1755585395955,"duration":0},"status":"passed","steps":[],"attachments":[],"parameters":[],"stepsCount":0,"shouldDisplayMessage":false,"attachmentsCount":0,"hasContent":false,"attachmentStep":false}],"labels":[{"name":"parentSuite","value":"tests"},{"name":"suite","value":"test_chat_flow"},{"name":"subSuite","value":"ChatFlowTestCase"},{"name":"host","value":"Marwans-MacBook-Pro.local"},{"name":"thread","value":"23657-MainThread"},{"name":"framework","value":"pytest"},{"name":"language","value":"cpython3"},{"name":"package","value":"tests.test_chat_flow"},{"name":"resultFormat","value":"allure2"}],"parameters":[],"links":[],"hidden":false,"retry":false,"extra":{"severity":"normal","retries":[{"uid":"9d399d9ac8fd9a72","status":"broken","statusDetails":"selenium.common.exceptions.TimeoutException: Message: \nStacktrace:\n0   chromedriver                        0x000000010507726c cxxbridge1$str$ptr + 2741972\n1   chromedriver                        0x000000010506f1dc cxxbridge1$str$ptr + 2709060\n2   chromedriver                        0x0000000104bb94fc cxxbridge1$string$len + 90520\n3   chromedriver                        0x0000000104c00a14 cxxbridge1$string$len + 382640\n4   chromedriver                        0x0000000104c41db8 cxxbridge1$string$len + 649812\n5   chromedriver                        0x0000000104bf4d30 cxxbridge1$string$len + 334284\n6   chromedriver                        0x000000010503a66c cxxbridge1$str$ptr + 2493140\n7   chromedriver                        0x000000010503d8a0 cxxbridge1$str$ptr + 2505992\n8   chromedriver                        0x000000010501b4a4 cxxbridge1$str$ptr + 2365708\n9   chromedriver                        0x000000010503e15c cxxbridge1$str$ptr + 2508228\n10  chromedriver                        0x000000010500c59c cxxbridge1$str$ptr + 2304516\n11  chromedriver                        0x000000010505dc78 cxxbridge1$str$ptr + 2638048\n12  chromedriver                        0x000000010505de04 cxxbridge1$str$ptr + 2638444\n13  chromedriver                        0x000000010506ee28 cxxbridge1$str$ptr + 2708112\n14  libsystem_pthread.dylib             0x000000018fb57c0c _pthread_start + 136\n15  libsystem_pthread.dylib             0x000000018fb52b80 thread_start + 8","time":{"start":1755585336044,"stop":1755585347606,"duration":11562}},{"uid":"386c16f75ad0e6b7","status":"broken","statusDetails":"selenium.common.exceptions.TimeoutException: Message: \nStacktrace:\n0   chromedriver                        0x0000000100e6326c cxxbridge1$str$ptr + 2741972\n1   chromedriver                        0x0000000100e5b1dc cxxbridge1$str$ptr + 2709060\n2   chromedriver                        0x00000001009a54fc cxxbridge1$string$len + 90520\n3   chromedriver                        0x00000001009eca14 cxxbridge1$string$len + 382640\n4   chromedriver                        0x0000000100a2ddb8 cxxbridge1$string$len + 649812\n5   chromedriver                        0x00000001009e0d30 cxxbridge1$string$len + 334284\n6   chromedriver                        0x0000000100e2666c cxxbridge1$str$ptr + 2493140\n7   chromedriver                        0x0000000100e298a0 cxxbridge1$str$ptr + 2505992\n8   chromedriver                        0x0000000100e074a4 cxxbridge1$str$ptr + 2365708\n9   chromedriver                        0x0000000100e2a15c cxxbridge1$str$ptr + 2508228\n10  chromedriver                        0x0000000100df859c cxxbridge1$str$ptr + 2304516\n11  chromedriver                        0x0000000100e49c78 cxxbridge1$str$ptr + 2638048\n12  chromedriver                        0x0000000100e49e04 cxxbridge1$str$ptr + 2638444\n13  chromedriver                        0x0000000100e5ae28 cxxbridge1$str$ptr + 2708112\n14  libsystem_pthread.dylib             0x000000018fb57c0c _pthread_start + 136\n15  libsystem_pthread.dylib             0x000000018fb52b80 thread_start + 8","time":{"start":1755585221386,"stop":1755585232795,"duration":11409}},{"uid":"c173473db43c45c5","status":"failed","statusDetails":"AssertionError: Server not reachable at http://localhost:3000: HTTPConnectionPool(host='localhost', port=3000): Max retries exceeded with url: / (Caused by NewConnectionError('<urllib3.connection.HTTPConnection object at 0x106ec6750>: Failed to establish a new connection: [Errno 61] Connection refused'))","time":{"start":1755584906650,"stop":1755584906658,"duration":8}}],"categories":[{"name":"Test defects","matchedStatuses":[],"flaky":false}],"tags":[]},"source":"ad20193e01f38455.json","parameterValues":[]}